Started GET "/" for 127.0.0.1 at 2018-03-24 22:03:32 +0530
Processing by Rails::WelcomeController#index as HTML
  Rendering /home/santosh/.rvm/gems/ruby-2.3.3@rails5/gems/railties-5.1.5/lib/rails/templates/rails/welcome/index.html.erb
  Rendered /home/santosh/.rvm/gems/ruby-2.3.3@rails5/gems/railties-5.1.5/lib/rails/templates/rails/welcome/index.html.erb (3.9ms)
Completed 200 OK in 216ms (Views: 28.9ms)


Started GET "/" for 127.0.0.1 at 2018-03-24 22:04:59 +0530
  
ArgumentError (Missing :controller key on routes definition, please check your routes.):
  
config/routes.rb:3:in `block in <top (required)>'
config/routes.rb:1:in `<top (required)>'
Started GET "/" for 127.0.0.1 at 2018-03-24 22:05:10 +0530
Processing by WelcomeController#index as HTML
  Rendering welcome/index.html.erb within layouts/application
  Rendered welcome/index.html.erb within layouts/application (0.5ms)
Completed 200 OK in 16754ms (Views: 16509.4ms)


  [1m[35m (0.1ms)[0m  [1m[34mSELECT sqlite_version(*)[0m
  [1m[35m (108.5ms)[0m  [1m[35mCREATE TABLE "schema_migrations" ("version" varchar NOT NULL PRIMARY KEY)[0m
  [1m[35m (103.4ms)[0m  [1m[35mCREATE TABLE "ar_internal_metadata" ("key" varchar NOT NULL PRIMARY KEY, "value" varchar, "created_at" datetime NOT NULL, "updated_at" datetime NOT NULL)[0m
  [1m[35m (0.2ms)[0m  [1m[34mSELECT "schema_migrations"."version" FROM "schema_migrations" ORDER BY "schema_migrations"."version" ASC[0m
Migrating to DeviseCreateUsers (20180324163629)
  [1m[35m (0.1ms)[0m  [1m[36mbegin transaction[0m
  [1m[35m (1.1ms)[0m  [1m[35mCREATE TABLE "users" ("id" INTEGER PRIMARY KEY AUTOINCREMENT NOT NULL, "email" varchar DEFAULT '' NOT NULL, "encrypted_password" varchar DEFAULT '' NOT NULL, "reset_password_token" varchar, "reset_password_sent_at" datetime, "remember_created_at" datetime, "sign_in_count" integer DEFAULT 0 NOT NULL, "current_sign_in_at" datetime, "last_sign_in_at" datetime, "current_sign_in_ip" varchar, "last_sign_in_ip" varchar, "created_at" datetime NOT NULL, "updated_at" datetime NOT NULL)[0m
  [1m[35m (0.2ms)[0m  [1m[35mCREATE UNIQUE INDEX "index_users_on_email" ON "users" ("email")[0m
  [1m[35m (0.1ms)[0m  [1m[34m            SELECT sql
            FROM sqlite_master
            WHERE name='index_users_on_email' AND type='index'
            UNION ALL
            SELECT sql
            FROM sqlite_temp_master
            WHERE name='index_users_on_email' AND type='index'
[0m
  [1m[35m (0.1ms)[0m  [1m[35mCREATE UNIQUE INDEX "index_users_on_reset_password_token" ON "users" ("reset_password_token")[0m
  [1m[35mSQL (0.2ms)[0m  [1m[32mINSERT INTO "schema_migrations" ("version") VALUES (?)[0m  [["version", "20180324163629"]]
  [1m[35m (105.4ms)[0m  [1m[36mcommit transaction[0m
  [1m[36mActiveRecord::InternalMetadata Load (0.2ms)[0m  [1m[34mSELECT  "ar_internal_metadata".* FROM "ar_internal_metadata" WHERE "ar_internal_metadata"."key" = ? LIMIT ?[0m  [["key", "environment"], ["LIMIT", 1]]
  [1m[35m (0.1ms)[0m  [1m[36mbegin transaction[0m
  [1m[35mSQL (0.3ms)[0m  [1m[32mINSERT INTO "ar_internal_metadata" ("key", "value", "created_at", "updated_at") VALUES (?, ?, ?, ?)[0m  [["key", "environment"], ["value", "development"], ["created_at", "2018-03-24 16:37:38.036221"], ["updated_at", "2018-03-24 16:37:38.036221"]]
  [1m[35m (90.1ms)[0m  [1m[36mcommit transaction[0m
  [1m[35m (0.1ms)[0m  [1m[34mSELECT "schema_migrations"."version" FROM "schema_migrations" ORDER BY "schema_migrations"."version" ASC[0m
  [1m[35m (0.1ms)[0m  [1m[34m            SELECT sql
            FROM sqlite_master
            WHERE name='index_users_on_reset_password_token' AND type='index'
            UNION ALL
            SELECT sql
            FROM sqlite_temp_master
            WHERE name='index_users_on_reset_password_token' AND type='index'
[0m
  [1m[35m (0.1ms)[0m  [1m[34m            SELECT sql
            FROM sqlite_master
            WHERE name='index_users_on_email' AND type='index'
            UNION ALL
            SELECT sql
            FROM sqlite_temp_master
            WHERE name='index_users_on_email' AND type='index'
[0m
Started GET "/" for 127.0.0.1 at 2018-03-24 22:07:59 +0530
  [1m[35m (0.2ms)[0m  [1m[34mSELECT "schema_migrations"."version" FROM "schema_migrations" ORDER BY "schema_migrations"."version" ASC[0m
Processing by WelcomeController#index as HTML
Completed 401 Unauthorized in 18ms (ActiveRecord: 0.0ms)


Started GET "/users/sign_in" for 127.0.0.1 at 2018-03-24 22:07:59 +0530
Processing by Devise::SessionsController#new as HTML
  Rendering /home/santosh/.rvm/gems/ruby-2.3.3@rails5/gems/devise-4.4.3/app/views/devise/sessions/new.html.erb within layouts/application
  Rendered /home/santosh/.rvm/gems/ruby-2.3.3@rails5/gems/devise-4.4.3/app/views/devise/shared/_links.html.erb (2.2ms)
  Rendered /home/santosh/.rvm/gems/ruby-2.3.3@rails5/gems/devise-4.4.3/app/views/devise/sessions/new.html.erb within layouts/application (27.6ms)
Completed 200 OK in 515ms (Views: 464.7ms | ActiveRecord: 5.5ms)


Started GET "/admin" for 127.0.0.1 at 2018-03-24 22:08:25 +0530
Processing by RailsAdmin::MainController#dashboard as HTML
  [1m[35m (0.2ms)[0m  [1m[34mSELECT COUNT(*) FROM "users"[0m
  [1m[36mUser Load (0.4ms)[0m  [1m[34mSELECT  "users".* FROM "users" ORDER BY "users"."id" DESC LIMIT ?[0m  [["LIMIT", 1]]
  Rendering /home/santosh/.rvm/gems/ruby-2.3.3@rails5/gems/rails_admin-1.3.0/app/views/rails_admin/main/dashboard.html.haml within layouts/rails_admin/application
  Rendered /home/santosh/.rvm/gems/ruby-2.3.3@rails5/gems/rails_admin-1.3.0/app/views/rails_admin/main/dashboard.html.haml within layouts/rails_admin/application (68.2ms)
  Rendered /home/santosh/.rvm/gems/ruby-2.3.3@rails5/gems/rails_admin-1.3.0/app/views/layouts/rails_admin/_secondary_navigation.html.haml (4.0ms)
  Rendered /home/santosh/.rvm/gems/ruby-2.3.3@rails5/gems/rails_admin-1.3.0/app/views/layouts/rails_admin/_navigation.html.haml (18.2ms)
  Rendered /home/santosh/.rvm/gems/ruby-2.3.3@rails5/gems/rails_admin-1.3.0/app/views/layouts/rails_admin/_sidebar_navigation.html.haml (5.3ms)
  Rendering /home/santosh/.rvm/gems/ruby-2.3.3@rails5/gems/rails_admin-1.3.0/app/views/layouts/rails_admin/pjax.html.haml
  Rendered /home/santosh/.rvm/gems/ruby-2.3.3@rails5/gems/rails_admin-1.3.0/app/views/layouts/rails_admin/pjax.html.haml (10.9ms)
Completed 200 OK in 1676ms (Views: 680.1ms | ActiveRecord: 0.6ms)


Started GET "/admin/user?_pjax=%5Bdata-pjax-container%5D" for 127.0.0.1 at 2018-03-24 22:08:30 +0530
Processing by RailsAdmin::MainController#index as HTML
  Parameters: {"_pjax"=>"[data-pjax-container]", "model_name"=>"user"}
  Rendering /home/santosh/.rvm/gems/ruby-2.3.3@rails5/gems/rails_admin-1.3.0/app/views/rails_admin/main/index.html.haml within layouts/rails_admin/pjax
  [1m[36mUser Load (0.2ms)[0m  [1m[34mSELECT  "users".* FROM "users" ORDER BY users.id desc LIMIT ? OFFSET ?[0m  [["LIMIT", 20], ["OFFSET", 0]]
  Rendered /home/santosh/.rvm/gems/ruby-2.3.3@rails5/gems/rails_admin-1.3.0/app/views/rails_admin/main/index.html.haml within layouts/rails_admin/pjax (55.3ms)
Completed 200 OK in 114ms (Views: 89.7ms | ActiveRecord: 0.2ms)


Started GET "/admin/user/new?_pjax=%5Bdata-pjax-container%5D" for 127.0.0.1 at 2018-03-24 22:08:32 +0530
Processing by RailsAdmin::MainController#new as HTML
  Parameters: {"_pjax"=>"[data-pjax-container]", "model_name"=>"user"}
  Rendering /home/santosh/.rvm/gems/ruby-2.3.3@rails5/gems/rails_admin-1.3.0/app/views/rails_admin/main/new.html.haml within layouts/rails_admin/pjax
  Rendered /home/santosh/.rvm/gems/ruby-2.3.3@rails5/gems/rails_admin-1.3.0/app/views/rails_admin/main/_form_field.html.haml (2.4ms)
  Rendered /home/santosh/.rvm/gems/ruby-2.3.3@rails5/gems/rails_admin-1.3.0/app/views/rails_admin/main/_form_field.html.haml (1.4ms)
  Rendered /home/santosh/.rvm/gems/ruby-2.3.3@rails5/gems/rails_admin-1.3.0/app/views/rails_admin/main/_form_field.html.haml (0.4ms)
  Rendered /home/santosh/.rvm/gems/ruby-2.3.3@rails5/gems/rails_admin-1.3.0/app/views/rails_admin/main/_form_datetime.html.haml (3.9ms)
  Rendered /home/santosh/.rvm/gems/ruby-2.3.3@rails5/gems/rails_admin-1.3.0/app/views/rails_admin/main/_form_datetime.html.haml (0.8ms)
  Rendered /home/santosh/.rvm/gems/ruby-2.3.3@rails5/gems/rails_admin-1.3.0/app/views/rails_admin/main/_form_field.html.haml (18.1ms)
  Rendered /home/santosh/.rvm/gems/ruby-2.3.3@rails5/gems/rails_admin-1.3.0/app/views/rails_admin/main/_form_datetime.html.haml (1.3ms)
  Rendered /home/santosh/.rvm/gems/ruby-2.3.3@rails5/gems/rails_admin-1.3.0/app/views/rails_admin/main/_form_datetime.html.haml (1.0ms)
  Rendered /home/santosh/.rvm/gems/ruby-2.3.3@rails5/gems/rails_admin-1.3.0/app/views/rails_admin/main/_form_field.html.haml (0.4ms)
  Rendered /home/santosh/.rvm/gems/ruby-2.3.3@rails5/gems/rails_admin-1.3.0/app/views/rails_admin/main/_form_field.html.haml (0.5ms)
  Rendered /home/santosh/.rvm/gems/ruby-2.3.3@rails5/gems/rails_admin-1.3.0/app/views/rails_admin/main/_submit_buttons.html.haml (12.4ms)
  Rendered /home/santosh/.rvm/gems/ruby-2.3.3@rails5/gems/rails_admin-1.3.0/app/views/rails_admin/main/new.html.haml within layouts/rails_admin/pjax (100.6ms)
Completed 200 OK in 126ms (Views: 117.6ms | ActiveRecord: 0.0ms)


Started POST "/admin/user/new" for 127.0.0.1 at 2018-03-24 22:08:51 +0530
Processing by RailsAdmin::MainController#new as HTML
  Parameters: {"utf8"=>"✓", "authenticity_token"=>"8KlKEqg8tAg39eJtkvg6H6AUWHkYC1R1zzwnn796OMSmBpL9p8cMP6OIEuoONLXAV2kyz6UB3H2/UooiIkRb/A==", "user"=>{"email"=>"tin@linkwok.com", "password"=>"[FILTERED]", "password_confirmation"=>"[FILTERED]", "reset_password_sent_at"=>"[FILTERED]", "remember_created_at"=>"", "sign_in_count"=>"0", "current_sign_in_at"=>"", "last_sign_in_at"=>"", "current_sign_in_ip"=>"", "last_sign_in_ip"=>""}, "return_to"=>"http://127.0.0.1:3000/admin/user", "_save"=>"", "model_name"=>"user"}
  [1m[35m (0.1ms)[0m  [1m[36mbegin transaction[0m
  [1m[36mUser Exists (1.1ms)[0m  [1m[34mSELECT  1 AS one FROM "users" WHERE "users"."email" = ? LIMIT ?[0m  [["email", "tin@linkwok.com"], ["LIMIT", 1]]
  [1m[35mSQL (4.0ms)[0m  [1m[32mINSERT INTO "users" ("email", "encrypted_password", "current_sign_in_ip", "last_sign_in_ip", "created_at", "updated_at") VALUES (?, ?, ?, ?, ?, ?)[0m  [["email", "tin@linkwok.com"], ["encrypted_password", "$2a$11$6D6k5JSF6WFgm3.PjNd1KuILbrD1BcV3vum1YJZMsSd1LK6OFui9y"], ["current_sign_in_ip", ""], ["last_sign_in_ip", ""], ["created_at", "2018-03-24 16:38:51.509302"], ["updated_at", "2018-03-24 16:38:51.509302"]]
  [1m[35m (95.9ms)[0m  [1m[36mcommit transaction[0m
Redirected to http://127.0.0.1:3000/admin/user
Completed 302 Found in 394ms (ActiveRecord: 101.1ms)


Started GET "/admin/user" for 127.0.0.1 at 2018-03-24 22:08:51 +0530
Processing by RailsAdmin::MainController#index as HTML
  Parameters: {"model_name"=>"user"}
  Rendering /home/santosh/.rvm/gems/ruby-2.3.3@rails5/gems/rails_admin-1.3.0/app/views/rails_admin/main/index.html.haml within layouts/rails_admin/application
  [1m[36mUser Load (0.3ms)[0m  [1m[34mSELECT  "users".* FROM "users" ORDER BY users.id desc LIMIT ? OFFSET ?[0m  [["LIMIT", 20], ["OFFSET", 0]]
  Rendered /home/santosh/.rvm/gems/ruby-2.3.3@rails5/gems/rails_admin-1.3.0/app/views/rails_admin/main/index.html.haml within layouts/rails_admin/application (77.1ms)
  Rendered /home/santosh/.rvm/gems/ruby-2.3.3@rails5/gems/rails_admin-1.3.0/app/views/layouts/rails_admin/_secondary_navigation.html.haml (5.4ms)
  Rendered /home/santosh/.rvm/gems/ruby-2.3.3@rails5/gems/rails_admin-1.3.0/app/views/layouts/rails_admin/_navigation.html.haml (13.3ms)
  Rendered /home/santosh/.rvm/gems/ruby-2.3.3@rails5/gems/rails_admin-1.3.0/app/views/layouts/rails_admin/_sidebar_navigation.html.haml (2.8ms)
  Rendering /home/santosh/.rvm/gems/ruby-2.3.3@rails5/gems/rails_admin-1.3.0/app/views/layouts/rails_admin/pjax.html.haml
  Rendered /home/santosh/.rvm/gems/ruby-2.3.3@rails5/gems/rails_admin-1.3.0/app/views/layouts/rails_admin/pjax.html.haml (16.4ms)
Completed 200 OK in 314ms (Views: 302.0ms | ActiveRecord: 0.3ms)


Started GET "/" for 127.0.0.1 at 2018-03-24 22:08:54 +0530
Processing by WelcomeController#index as HTML
Completed 401 Unauthorized in 1ms (ActiveRecord: 0.0ms)


Started GET "/users/sign_in" for 127.0.0.1 at 2018-03-24 22:08:54 +0530
Processing by Devise::SessionsController#new as HTML
  Rendering /home/santosh/.rvm/gems/ruby-2.3.3@rails5/gems/devise-4.4.3/app/views/devise/sessions/new.html.erb within layouts/application
  Rendered /home/santosh/.rvm/gems/ruby-2.3.3@rails5/gems/devise-4.4.3/app/views/devise/shared/_links.html.erb (1.3ms)
  Rendered /home/santosh/.rvm/gems/ruby-2.3.3@rails5/gems/devise-4.4.3/app/views/devise/sessions/new.html.erb within layouts/application (6.1ms)
Completed 200 OK in 52ms (Views: 49.9ms | ActiveRecord: 0.0ms)


Started POST "/users/sign_in" for 127.0.0.1 at 2018-03-24 22:09:04 +0530
Processing by Devise::SessionsController#create as HTML
  Parameters: {"utf8"=>"✓", "authenticity_token"=>"YyXDJsCSdo61SCPG86D9z9sbI8AUyndkb6WkR36gYkmDqUHLOFsBzjlb4Mb42R2PQPsJhj0OOYiIlVP6K1iFiw==", "user"=>{"email"=>"tin@linkwok.com", "password"=>"[FILTERED]", "remember_me"=>"0"}, "commit"=>"Log in"}
  [1m[36mUser Load (0.4ms)[0m  [1m[34mSELECT  "users".* FROM "users" WHERE "users"."email" = ? ORDER BY "users"."id" ASC LIMIT ?[0m  [["email", "tin@linkwok.com"], ["LIMIT", 1]]
  [1m[35m (0.1ms)[0m  [1m[36mbegin transaction[0m
  [1m[35mSQL (0.9ms)[0m  [1m[33mUPDATE "users" SET "current_sign_in_at" = ?, "last_sign_in_at" = ?, "current_sign_in_ip" = ?, "sign_in_count" = ?, "updated_at" = ? WHERE "users"."id" = ?[0m  [["current_sign_in_at", "2018-03-24 16:39:05.078039"], ["last_sign_in_at", "2018-03-24 16:39:05.078039"], ["current_sign_in_ip", "127.0.0.1"], ["sign_in_count", 1], ["updated_at", "2018-03-24 16:39:05.078901"], ["id", 1]]
  [1m[35m (250.6ms)[0m  [1m[36mcommit transaction[0m
Redirected to http://127.0.0.1:3000/
Completed 302 Found in 423ms (ActiveRecord: 251.9ms)


Started GET "/" for 127.0.0.1 at 2018-03-24 22:09:05 +0530
Processing by WelcomeController#index as HTML
  [1m[36mUser Load (0.3ms)[0m  [1m[34mSELECT  "users".* FROM "users" WHERE "users"."id" = ? ORDER BY "users"."id" ASC LIMIT ?[0m  [["id", 1], ["LIMIT", 1]]
  Rendering welcome/index.html.erb within layouts/application
  Rendered welcome/index.html.erb within layouts/application (0.6ms)
Completed 200 OK in 55ms (Views: 49.8ms | ActiveRecord: 0.3ms)


Started GET "/" for 127.0.0.1 at 2018-03-24 22:10:01 +0530
Processing by WelcomeController#index as HTML
  [1m[36mUser Load (0.4ms)[0m  [1m[34mSELECT  "users".* FROM "users" WHERE "users"."id" = ? ORDER BY "users"."id" ASC LIMIT ?[0m  [["id", 1], ["LIMIT", 1]]
  Rendering welcome/index.html.erb within layouts/application
  Rendered welcome/index.html.erb within layouts/application (0.5ms)
Completed 200 OK in 52ms (Views: 46.5ms | ActiveRecord: 0.4ms)


Started GET "/" for 127.0.0.1 at 2018-03-24 22:11:37 +0530
Processing by WelcomeController#index as HTML
  [1m[36mUser Load (0.3ms)[0m  [1m[34mSELECT  "users".* FROM "users" WHERE "users"."id" = ? ORDER BY "users"."id" ASC LIMIT ?[0m  [["id", 1], ["LIMIT", 1]]
  Rendering welcome/index.html.erb within layouts/application
  Rendered welcome/index.html.erb within layouts/application (0.4ms)
Completed 200 OK in 40ms (Views: 37.5ms | ActiveRecord: 0.3ms)


Started GET "/" for 127.0.0.1 at 2018-03-24 22:11:59 +0530
Processing by WelcomeController#index as HTML
Completed 401 Unauthorized in 2ms (ActiveRecord: 0.0ms)


Started GET "/users/sign_in" for 127.0.0.1 at 2018-03-24 22:11:59 +0530
Processing by Devise::SessionsController#new as HTML
  Rendering devise/sessions/new.html.erb within layouts/application
  Rendered devise/shared/_links.html.erb (2.0ms)
  Rendered devise/sessions/new.html.erb within layouts/application (37.0ms)
Completed 200 OK in 110ms (Views: 105.9ms | ActiveRecord: 0.0ms)


Started GET "/users/sign_in" for 127.0.0.1 at 2018-03-24 22:16:35 +0530
Processing by Devise::SessionsController#new as HTML
  Rendering devise/sessions/new.html.erb within layouts/application
  Rendered devise/shared/_links.html.erb (2.0ms)
  Rendered devise/sessions/new.html.erb within layouts/application (24.8ms)
Completed 200 OK in 79ms (Views: 77.6ms | ActiveRecord: 0.0ms)


Started GET "/users/sign_in" for 127.0.0.1 at 2018-03-24 22:16:59 +0530
Processing by Devise::SessionsController#new as HTML
  Rendering devise/sessions/new.html.erb within layouts/devise
  Rendered devise/shared/_links.html.erb (3.9ms)
  Rendered devise/sessions/new.html.erb within layouts/devise (30.1ms)
Completed 200 OK in 49ms (Views: 45.7ms | ActiveRecord: 0.0ms)


Started GET "/users/sign_in" for 127.0.0.1 at 2018-03-24 22:17:17 +0530
Processing by Devise::SessionsController#new as HTML
  Rendering devise/sessions/new.html.erb within layouts/devise
  Rendered devise/shared/_links.html.erb (1.7ms)
  Rendered devise/sessions/new.html.erb within layouts/devise (31.6ms)
Completed 200 OK in 71ms (Views: 68.9ms | ActiveRecord: 0.0ms)


Started GET "/users/sign_in" for 127.0.0.1 at 2018-03-24 22:17:44 +0530
Processing by Devise::SessionsController#new as HTML
  Rendering devise/sessions/new.html.erb within layouts/devise
  Rendered devise/shared/_links.html.erb (4.1ms)
  Rendered devise/sessions/new.html.erb within layouts/devise (22.4ms)
Completed 200 OK in 70ms (Views: 64.9ms | ActiveRecord: 0.0ms)


Started GET "/users/sign_in" for 127.0.0.1 at 2018-03-24 22:18:22 +0530
Processing by Devise::SessionsController#new as HTML
  Rendering devise/sessions/new.html.erb within layouts/devise
  Rendered devise/shared/_links.html.erb (2.5ms)
  Rendered devise/sessions/new.html.erb within layouts/devise (31.1ms)
Completed 200 OK in 93ms (Views: 89.0ms | ActiveRecord: 0.0ms)


Started GET "/users/sign_in" for 127.0.0.1 at 2018-03-24 22:19:11 +0530
Processing by Devise::SessionsController#new as HTML
  Rendering devise/sessions/new.html.erb within layouts/devise
  Rendered devise/shared/_links.html.erb (1.5ms)
  Rendered devise/sessions/new.html.erb within layouts/devise (31.6ms)
Completed 200 OK in 80ms (Views: 76.0ms | ActiveRecord: 0.0ms)


Started GET "/users/sign_in" for 127.0.0.1 at 2018-03-24 22:22:07 +0530
Processing by Devise::SessionsController#new as HTML
  Rendering devise/sessions/new.html.erb within layouts/devise
  Rendered devise/shared/_links.html.erb (4.6ms)
  Rendered devise/sessions/new.html.erb within layouts/devise (34.9ms)
Completed 500 Internal Server Error in 85ms (ActiveRecord: 0.0ms)


  
ActionView::Template::Error (File to import not found or unreadable: materialize.
Load paths:
  /home/santosh/Documents/practice/ror/Mlass/UserService/app/assets/config
  /home/santosh/Documents/practice/ror/Mlass/UserService/app/assets/images
  /home/santosh/Documents/practice/ror/Mlass/UserService/app/assets/javascripts
  /home/santosh/Documents/practice/ror/Mlass/UserService/app/assets/stylesheets
  /home/santosh/.rvm/gems/ruby-2.3.3@rails5/gems/rails_admin-1.3.0/app/assets/images
  /home/santosh/.rvm/gems/ruby-2.3.3@rails5/gems/rails_admin-1.3.0/app/assets/javascripts
  /home/santosh/.rvm/gems/ruby-2.3.3@rails5/gems/rails_admin-1.3.0/app/assets/stylesheets
  /home/santosh/.rvm/gems/ruby-2.3.3@rails5/gems/rails_admin-1.3.0/vendor/assets/javascripts
  /home/santosh/.rvm/gems/ruby-2.3.3@rails5/gems/rails_admin-1.3.0/vendor/assets/stylesheets
  /home/santosh/.rvm/gems/ruby-2.3.3@rails5/gems/remotipart-1.3.1/vendor/assets/javascripts
  /home/santosh/.rvm/gems/ruby-2.3.3@rails5/gems/nested_form-0.3.2/vendor/assets/javascripts
  /home/santosh/.rvm/gems/ruby-2.3.3@rails5/gems/jquery-ui-rails-5.0.5/app/assets/images
  /home/santosh/.rvm/gems/ruby-2.3.3@rails5/gems/jquery-ui-rails-5.0.5/app/assets/javascripts
  /home/santosh/.rvm/gems/ruby-2.3.3@rails5/gems/jquery-ui-rails-5.0.5/app/assets/stylesheets
  /home/santosh/.rvm/gems/ruby-2.3.3@rails5/gems/jquery-rails-4.3.1/vendor/assets/javascripts
  /home/santosh/.rvm/gems/ruby-2.3.3@rails5/gems/font-awesome-rails-4.7.0.3/app/assets/fonts
  /home/santosh/.rvm/gems/ruby-2.3.3@rails5/gems/font-awesome-rails-4.7.0.3/app/assets/stylesheets
  /home/santosh/.rvm/gems/ruby-2.3.3@rails5/gems/coffee-rails-4.2.2/lib/assets/javascripts
  /home/santosh/.rvm/gems/ruby-2.3.3@rails5/gems/actioncable-5.1.5/lib/assets/compiled
  /home/santosh/.rvm/gems/ruby-2.3.3@rails5/gems/actionview-5.1.5/lib/assets/compiled
  /home/santosh/.rvm/gems/ruby-2.3.3@rails5/gems/turbolinks-source-5.1.0/lib/assets/javascripts
  /home/santosh/Documents/practice/ror/Mlass/UserService/node_modules
  /home/santosh/Documents/practice/ror/Mlass/vendor/assets/stylesheets):
    4:   <title>UserService</title>
    5:   <%= csrf_meta_tags %>
    6: 
    7:   <%= stylesheet_link_tag    'application', media: 'all', 'data-turbolinks-track': 'reload' %>
    8:   <%= javascript_include_tag 'application', 'data-turbolinks-track': 'reload' %>
    9: </head>
   10: 
  
app/assets/stylesheets/application.scss:18
app/views/layouts/devise.html.erb:7:in `_app_views_layouts_devise_html_erb__710467147014759325_47364136219360'
Started GET "/users/sign_in" for 127.0.0.1 at 2018-03-24 22:26:48 +0530
  [1m[35m (0.4ms)[0m  [1m[34mSELECT "schema_migrations"."version" FROM "schema_migrations" ORDER BY "schema_migrations"."version" ASC[0m
Processing by Devise::SessionsController#new as HTML
  Rendering devise/sessions/new.html.erb within layouts/devise
  Rendered devise/shared/_links.html.erb (2.8ms)
  Rendered devise/sessions/new.html.erb within layouts/devise (44.6ms)
Completed 200 OK in 8786ms (Views: 8754.4ms | ActiveRecord: 1.5ms)


Started GET "/users/sign_in" for 127.0.0.1 at 2018-03-24 22:28:32 +0530
Processing by Devise::SessionsController#new as HTML
  Rendering devise/sessions/new.html.erb within layouts/devise
  Rendered devise/shared/_links.html.erb (3.2ms)
  Rendered devise/sessions/new.html.erb within layouts/devise (32.6ms)
Completed 200 OK in 97ms (Views: 90.2ms | ActiveRecord: 0.0ms)


Started GET "/users/sign_in" for 127.0.0.1 at 2018-03-24 22:28:46 +0530
Processing by Devise::SessionsController#new as HTML
  Rendering devise/sessions/new.html.erb within layouts/devise
  Rendered devise/shared/_links.html.erb (6.7ms)
  Rendered devise/sessions/new.html.erb within layouts/devise (36.1ms)
Completed 200 OK in 131ms (Views: 127.6ms | ActiveRecord: 0.0ms)


Started GET "/users/sign_in" for 127.0.0.1 at 2018-03-24 22:29:58 +0530
Processing by Devise::SessionsController#new as HTML
  Rendering devise/sessions/new.html.erb within layouts/devise
  Rendered devise/shared/_links.html.erb (1.6ms)
  Rendered devise/sessions/new.html.erb within layouts/devise (22.5ms)
Completed 200 OK in 301ms (Views: 298.9ms | ActiveRecord: 0.0ms)


Started POST "/users/sign_in" for 127.0.0.1 at 2018-03-24 22:30:14 +0530
Processing by Devise::SessionsController#create as HTML
  Parameters: {"utf8"=>"✓", "authenticity_token"=>"/w1ifbxAvkCMRLs2w1V8IQFMvrQ63HkIm0vdrrtfh0i4rY/fz/pOjVKbyTv9TZlvQ/cYMjF1WW45/8oJmRulKQ==", "user"=>{"email"=>"tin@linkwok.com", "password"=>"[FILTERED]", "remember_me"=>"0"}, "commit"=>"Log in"}
  [1m[36mUser Load (0.3ms)[0m  [1m[34mSELECT  "users".* FROM "users" WHERE "users"."email" = ? ORDER BY "users"."id" ASC LIMIT ?[0m  [["email", "tin@linkwok.com"], ["LIMIT", 1]]
  [1m[35m (0.1ms)[0m  [1m[36mbegin transaction[0m
  [1m[35mSQL (2.2ms)[0m  [1m[33mUPDATE "users" SET "current_sign_in_at" = ?, "last_sign_in_ip" = ?, "sign_in_count" = ?, "updated_at" = ? WHERE "users"."id" = ?[0m  [["current_sign_in_at", "2018-03-24 17:00:14.248192"], ["last_sign_in_ip", "127.0.0.1"], ["sign_in_count", 2], ["updated_at", "2018-03-24 17:00:14.249327"], ["id", 1]]
  [1m[35m (129.9ms)[0m  [1m[36mcommit transaction[0m
Redirected to http://127.0.0.1:3000/
Completed 302 Found in 364ms (ActiveRecord: 132.4ms)


Started GET "/" for 127.0.0.1 at 2018-03-24 22:30:14 +0530
Processing by WelcomeController#index as HTML
  [1m[36mUser Load (0.4ms)[0m  [1m[34mSELECT  "users".* FROM "users" WHERE "users"."id" = ? ORDER BY "users"."id" ASC LIMIT ?[0m  [["id", 1], ["LIMIT", 1]]
  Rendering welcome/index.html.erb within layouts/application
  Rendered welcome/index.html.erb within layouts/application (0.4ms)
Completed 200 OK in 73ms (Views: 67.1ms | ActiveRecord: 0.4ms)


Started GET "/" for 127.0.0.1 at 2018-03-24 22:32:10 +0530
Processing by WelcomeController#index as HTML
  [1m[36mUser Load (1.0ms)[0m  [1m[34mSELECT  "users".* FROM "users" WHERE "users"."id" = ? ORDER BY "users"."id" ASC LIMIT ?[0m  [["id", 1], ["LIMIT", 1]]
  Rendering welcome/index.html.erb within layouts/application
  Rendered welcome/index.html.erb within layouts/application (1.3ms)
Completed 200 OK in 109ms (Views: 98.8ms | ActiveRecord: 1.0ms)


Started GET "/" for 127.0.0.1 at 2018-03-24 22:32:44 +0530
Processing by WelcomeController#index as HTML
  [1m[36mUser Load (0.9ms)[0m  [1m[34mSELECT  "users".* FROM "users" WHERE "users"."id" = ? ORDER BY "users"."id" ASC LIMIT ?[0m  [["id", 1], ["LIMIT", 1]]
  Rendering welcome/index.html.erb within layouts/application
  Rendered welcome/index.html.erb within layouts/application (1.2ms)
  Rendered globals/_header.html.erb (0.4ms)
Completed 200 OK in 120ms (Views: 102.9ms | ActiveRecord: 0.9ms)


Started GET "/" for 127.0.0.1 at 2018-03-24 22:33:08 +0530
Processing by WelcomeController#index as HTML
  [1m[36mUser Load (0.7ms)[0m  [1m[34mSELECT  "users".* FROM "users" WHERE "users"."id" = ? ORDER BY "users"."id" ASC LIMIT ?[0m  [["id", 1], ["LIMIT", 1]]
  Rendering welcome/index.html.erb within layouts/application
  Rendered welcome/index.html.erb within layouts/application (0.7ms)
  Rendered globals/_header.html.erb (0.4ms)
Completed 200 OK in 102ms (Views: 94.5ms | ActiveRecord: 0.7ms)


Started GET "/" for 127.0.0.1 at 2018-03-24 22:33:10 +0530
Processing by WelcomeController#index as HTML
  [1m[36mUser Load (0.8ms)[0m  [1m[34mSELECT  "users".* FROM "users" WHERE "users"."id" = ? ORDER BY "users"."id" ASC LIMIT ?[0m  [["id", 1], ["LIMIT", 1]]
  Rendering welcome/index.html.erb within layouts/application
  Rendered welcome/index.html.erb within layouts/application (1.2ms)
  Rendered globals/_header.html.erb (0.4ms)
Completed 200 OK in 121ms (Views: 113.4ms | ActiveRecord: 0.8ms)


Started GET "/" for 127.0.0.1 at 2018-03-24 22:33:17 +0530
Processing by WelcomeController#index as HTML
  [1m[36mUser Load (0.5ms)[0m  [1m[34mSELECT  "users".* FROM "users" WHERE "users"."id" = ? ORDER BY "users"."id" ASC LIMIT ?[0m  [["id", 1], ["LIMIT", 1]]
  Rendering welcome/index.html.erb within layouts/application
  Rendered welcome/index.html.erb within layouts/application (0.9ms)
  Rendered globals/_header.html.erb (0.4ms)
Completed 200 OK in 82ms (Views: 75.6ms | ActiveRecord: 0.5ms)


Started GET "/" for 127.0.0.1 at 2018-03-24 22:33:44 +0530
Processing by WelcomeController#index as HTML
  [1m[36mUser Load (1.0ms)[0m  [1m[34mSELECT  "users".* FROM "users" WHERE "users"."id" = ? ORDER BY "users"."id" ASC LIMIT ?[0m  [["id", 1], ["LIMIT", 1]]
  Rendering welcome/index.html.erb within layouts/application
  Rendered welcome/index.html.erb within layouts/application (2.0ms)
  Rendered globals/_header.html.erb (0.4ms)
Completed 200 OK in 108ms (Views: 94.4ms | ActiveRecord: 1.0ms)


Started GET "/" for 127.0.0.1 at 2018-03-24 22:34:52 +0530
Processing by WelcomeController#index as HTML
  [1m[36mUser Load (0.8ms)[0m  [1m[34mSELECT  "users".* FROM "users" WHERE "users"."id" = ? ORDER BY "users"."id" ASC LIMIT ?[0m  [["id", 1], ["LIMIT", 1]]
  Rendering welcome/index.html.erb within layouts/application
  Rendered welcome/index.html.erb within layouts/application (1.5ms)
  Rendered globals/_header.html.erb (0.3ms)
Completed 200 OK in 100ms (Views: 91.1ms | ActiveRecord: 0.8ms)


Started GET "/" for 127.0.0.1 at 2018-03-24 22:36:07 +0530
Processing by WelcomeController#index as HTML
  [1m[36mUser Load (0.6ms)[0m  [1m[34mSELECT  "users".* FROM "users" WHERE "users"."id" = ? ORDER BY "users"."id" ASC LIMIT ?[0m  [["id", 1], ["LIMIT", 1]]
  Rendering welcome/index.html.erb within layouts/application
  Rendered welcome/index.html.erb within layouts/application (1.1ms)
  Rendered globals/_header.html.erb (0.4ms)
Completed 200 OK in 81ms (Views: 75.8ms | ActiveRecord: 0.6ms)


Started GET "/" for 127.0.0.1 at 2018-03-24 22:51:50 +0530
  [1m[35m (0.2ms)[0m  [1m[34mSELECT "schema_migrations"."version" FROM "schema_migrations" ORDER BY "schema_migrations"."version" ASC[0m
Processing by WelcomeController#index as HTML
  [1m[36mUser Load (0.2ms)[0m  [1m[34mSELECT  "users".* FROM "users" WHERE "users"."id" = ? ORDER BY "users"."id" ASC LIMIT ?[0m  [["id", 1], ["LIMIT", 1]]
  Rendering welcome/index.html.erb within layouts/application
  Rendered welcome/index.html.erb within layouts/application (1.4ms)
  Rendered globals/_header.html.erb (0.3ms)
  Rendered globals/_sidebar.html.erb (0.4ms)
Completed 200 OK in 1793ms (Views: 1738.8ms | ActiveRecord: 1.3ms)


Started GET "/" for 127.0.0.1 at 2018-03-24 22:53:03 +0530
Processing by WelcomeController#index as HTML
  [1m[36mUser Load (0.7ms)[0m  [1m[34mSELECT  "users".* FROM "users" WHERE "users"."id" = ? ORDER BY "users"."id" ASC LIMIT ?[0m  [["id", 1], ["LIMIT", 1]]
  Rendering welcome/index.html.erb within layouts/application
  Rendered welcome/index.html.erb within layouts/application (1.1ms)
  Rendered globals/_header.html.erb (0.4ms)
  Rendered globals/_sidebar.html.erb (0.4ms)
Completed 200 OK in 93ms (Views: 83.8ms | ActiveRecord: 0.7ms)


Started GET "/" for 127.0.0.1 at 2018-03-24 22:53:08 +0530
Processing by WelcomeController#index as HTML
  [1m[36mUser Load (0.6ms)[0m  [1m[34mSELECT  "users".* FROM "users" WHERE "users"."id" = ? ORDER BY "users"."id" ASC LIMIT ?[0m  [["id", 1], ["LIMIT", 1]]
  Rendering welcome/index.html.erb within layouts/application
  Rendered welcome/index.html.erb within layouts/application (0.7ms)
  Rendered globals/_header.html.erb (0.3ms)
  Rendered globals/_sidebar.html.erb (0.3ms)
Completed 200 OK in 55ms (Views: 48.2ms | ActiveRecord: 0.6ms)


Started GET "/" for 127.0.0.1 at 2018-03-24 22:53:09 +0530
Processing by WelcomeController#index as HTML
  [1m[36mUser Load (0.6ms)[0m  [1m[34mSELECT  "users".* FROM "users" WHERE "users"."id" = ? ORDER BY "users"."id" ASC LIMIT ?[0m  [["id", 1], ["LIMIT", 1]]
  Rendering welcome/index.html.erb within layouts/application
  Rendered welcome/index.html.erb within layouts/application (1.2ms)
  Rendered globals/_header.html.erb (0.4ms)
  Rendered globals/_sidebar.html.erb (0.7ms)
Completed 200 OK in 98ms (Views: 90.9ms | ActiveRecord: 0.6ms)


Started GET "/" for 127.0.0.1 at 2018-03-24 22:54:42 +0530
Processing by WelcomeController#index as HTML
  [1m[36mUser Load (0.7ms)[0m  [1m[34mSELECT  "users".* FROM "users" WHERE "users"."id" = ? ORDER BY "users"."id" ASC LIMIT ?[0m  [["id", 1], ["LIMIT", 1]]
  Rendering welcome/index.html.erb within layouts/application
  Rendered welcome/index.html.erb within layouts/application (2.3ms)
  Rendered globals/_header.html.erb (0.3ms)
  Rendered globals/_sidebar.html.erb (0.3ms)
Completed 200 OK in 263ms (Views: 253.5ms | ActiveRecord: 0.7ms)


Started GET "/" for 127.0.0.1 at 2018-03-24 22:56:20 +0530
Processing by WelcomeController#index as HTML
  [1m[36mUser Load (0.9ms)[0m  [1m[34mSELECT  "users".* FROM "users" WHERE "users"."id" = ? ORDER BY "users"."id" ASC LIMIT ?[0m  [["id", 1], ["LIMIT", 1]]
  Rendering welcome/index.html.erb within layouts/application
  Rendered welcome/index.html.erb within layouts/application (1.5ms)
  Rendered globals/_header.html.erb (0.3ms)
  Rendered globals/_sidebar.html.erb (0.4ms)
Completed 200 OK in 237ms (Views: 227.9ms | ActiveRecord: 0.9ms)


Started GET "/" for 127.0.0.1 at 2018-03-24 22:58:22 +0530
  [1m[35m (0.2ms)[0m  [1m[34mSELECT "schema_migrations"."version" FROM "schema_migrations" ORDER BY "schema_migrations"."version" ASC[0m
Processing by WelcomeController#index as HTML
  [1m[36mUser Load (0.3ms)[0m  [1m[34mSELECT  "users".* FROM "users" WHERE "users"."id" = ? ORDER BY "users"."id" ASC LIMIT ?[0m  [["id", 1], ["LIMIT", 1]]
  Rendering welcome/index.html.erb within layouts/application
  Rendered welcome/index.html.erb within layouts/application (4.2ms)
  Rendered globals/_header.html.erb (0.3ms)
  Rendered globals/_sidebar.html.erb (0.3ms)
Completed 200 OK in 1895ms (Views: 1833.9ms | ActiveRecord: 1.9ms)


Started GET "/" for 127.0.0.1 at 2018-03-24 22:58:47 +0530
Processing by WelcomeController#index as HTML
  [1m[36mUser Load (1.0ms)[0m  [1m[34mSELECT  "users".* FROM "users" WHERE "users"."id" = ? ORDER BY "users"."id" ASC LIMIT ?[0m  [["id", 1], ["LIMIT", 1]]
  Rendering welcome/index.html.erb within layouts/application
  Rendered welcome/index.html.erb within layouts/application (0.8ms)
  Rendered globals/_header.html.erb (0.4ms)
Completed 200 OK in 89ms (Views: 75.9ms | ActiveRecord: 1.0ms)


Started GET "/" for 127.0.0.1 at 2018-03-24 23:07:46 +0530
Processing by WelcomeController#index as HTML
  [1m[36mUser Load (0.8ms)[0m  [1m[34mSELECT  "users".* FROM "users" WHERE "users"."id" = ? ORDER BY "users"."id" ASC LIMIT ?[0m  [["id", 1], ["LIMIT", 1]]
  Rendering welcome/index.html.erb within layouts/application
  Rendered welcome/index.html.erb within layouts/application (1.2ms)
  Rendered globals/_header.html.erb (0.4ms)
Completed 200 OK in 249ms (Views: 239.5ms | ActiveRecord: 0.8ms)


Started GET "/" for 127.0.0.1 at 2018-03-24 23:10:57 +0530
Processing by WelcomeController#index as HTML
  [1m[36mUser Load (0.9ms)[0m  [1m[34mSELECT  "users".* FROM "users" WHERE "users"."id" = ? ORDER BY "users"."id" ASC LIMIT ?[0m  [["id", 1], ["LIMIT", 1]]
  Rendering welcome/index.html.erb within layouts/application
  Rendered welcome/index.html.erb within layouts/application (1.4ms)
  Rendered globals/_header.html.erb (0.4ms)
  Rendered globals/_sidebar.html.erb (1.5ms)
Completed 200 OK in 91ms (Views: 79.6ms | ActiveRecord: 0.9ms)


Started GET "/" for 127.0.0.1 at 2018-03-24 23:11:25 +0530
Processing by WelcomeController#index as HTML
  [1m[36mUser Load (0.7ms)[0m  [1m[34mSELECT  "users".* FROM "users" WHERE "users"."id" = ? ORDER BY "users"."id" ASC LIMIT ?[0m  [["id", 1], ["LIMIT", 1]]
  Rendering welcome/index.html.erb within layouts/application
  Rendered welcome/index.html.erb within layouts/application (2.0ms)
  Rendered globals/_header.html.erb (1.0ms)
  Rendered globals/_sidebar.html.erb (0.4ms)
Completed 200 OK in 97ms (Views: 88.7ms | ActiveRecord: 0.7ms)


Started GET "/images/office.jpg" for 127.0.0.1 at 2018-03-24 23:11:25 +0530
  
ActionController::RoutingError (No route matches [GET] "/images/office.jpg"):
  
actionpack (5.1.5) lib/action_dispatch/middleware/debug_exceptions.rb:63:in `call'
web-console (3.5.1) lib/web_console/middleware.rb:135:in `call_app'
web-console (3.5.1) lib/web_console/middleware.rb:28:in `block in call'
web-console (3.5.1) lib/web_console/middleware.rb:18:in `catch'
web-console (3.5.1) lib/web_console/middleware.rb:18:in `call'
actionpack (5.1.5) lib/action_dispatch/middleware/show_exceptions.rb:31:in `call'
railties (5.1.5) lib/rails/rack/logger.rb:36:in `call_app'
railties (5.1.5) lib/rails/rack/logger.rb:24:in `block in call'
activesupport (5.1.5) lib/active_support/tagged_logging.rb:69:in `block in tagged'
activesupport (5.1.5) lib/active_support/tagged_logging.rb:26:in `tagged'
activesupport (5.1.5) lib/active_support/tagged_logging.rb:69:in `tagged'
railties (5.1.5) lib/rails/rack/logger.rb:24:in `call'
sprockets-rails (3.2.1) lib/sprockets/rails/quiet_assets.rb:13:in `call'
actionpack (5.1.5) lib/action_dispatch/middleware/remote_ip.rb:79:in `call'
actionpack (5.1.5) lib/action_dispatch/middleware/request_id.rb:25:in `call'
rack (2.0.4) lib/rack/method_override.rb:22:in `call'
rack (2.0.4) lib/rack/runtime.rb:22:in `call'
activesupport (5.1.5) lib/active_support/cache/strategy/local_cache_middleware.rb:27:in `call'
actionpack (5.1.5) lib/action_dispatch/middleware/executor.rb:12:in `call'
actionpack (5.1.5) lib/action_dispatch/middleware/static.rb:125:in `call'
rack (2.0.4) lib/rack/sendfile.rb:111:in `call'
webpacker (3.4.1) lib/webpacker/dev_server_proxy.rb:18:in `perform_request'
rack-proxy (0.6.4) lib/rack/proxy.rb:57:in `call'
railties (5.1.5) lib/rails/engine.rb:522:in `call'
puma (3.11.3) lib/puma/configuration.rb:225:in `call'
puma (3.11.3) lib/puma/server.rb:624:in `handle_request'
puma (3.11.3) lib/puma/server.rb:438:in `process_client'
puma (3.11.3) lib/puma/server.rb:302:in `block in run'
puma (3.11.3) lib/puma/thread_pool.rb:120:in `block in spawn_thread'
Started GET "/images/yuna.jpg" for 127.0.0.1 at 2018-03-24 23:11:25 +0530
  
ActionController::RoutingError (No route matches [GET] "/images/yuna.jpg"):
  
actionpack (5.1.5) lib/action_dispatch/middleware/debug_exceptions.rb:63:in `call'
web-console (3.5.1) lib/web_console/middleware.rb:135:in `call_app'
web-console (3.5.1) lib/web_console/middleware.rb:28:in `block in call'
web-console (3.5.1) lib/web_console/middleware.rb:18:in `catch'
web-console (3.5.1) lib/web_console/middleware.rb:18:in `call'
actionpack (5.1.5) lib/action_dispatch/middleware/show_exceptions.rb:31:in `call'
railties (5.1.5) lib/rails/rack/logger.rb:36:in `call_app'
railties (5.1.5) lib/rails/rack/logger.rb:24:in `block in call'
activesupport (5.1.5) lib/active_support/tagged_logging.rb:69:in `block in tagged'
activesupport (5.1.5) lib/active_support/tagged_logging.rb:26:in `tagged'
activesupport (5.1.5) lib/active_support/tagged_logging.rb:69:in `tagged'
railties (5.1.5) lib/rails/rack/logger.rb:24:in `call'
sprockets-rails (3.2.1) lib/sprockets/rails/quiet_assets.rb:13:in `call'
actionpack (5.1.5) lib/action_dispatch/middleware/remote_ip.rb:79:in `call'
actionpack (5.1.5) lib/action_dispatch/middleware/request_id.rb:25:in `call'
rack (2.0.4) lib/rack/method_override.rb:22:in `call'
rack (2.0.4) lib/rack/runtime.rb:22:in `call'
activesupport (5.1.5) lib/active_support/cache/strategy/local_cache_middleware.rb:27:in `call'
actionpack (5.1.5) lib/action_dispatch/middleware/executor.rb:12:in `call'
actionpack (5.1.5) lib/action_dispatch/middleware/static.rb:125:in `call'
rack (2.0.4) lib/rack/sendfile.rb:111:in `call'
webpacker (3.4.1) lib/webpacker/dev_server_proxy.rb:18:in `perform_request'
rack-proxy (0.6.4) lib/rack/proxy.rb:57:in `call'
railties (5.1.5) lib/rails/engine.rb:522:in `call'
puma (3.11.3) lib/puma/configuration.rb:225:in `call'
puma (3.11.3) lib/puma/server.rb:624:in `handle_request'
puma (3.11.3) lib/puma/server.rb:438:in `process_client'
puma (3.11.3) lib/puma/server.rb:302:in `block in run'
puma (3.11.3) lib/puma/thread_pool.rb:120:in `block in spawn_thread'
Started GET "/" for 127.0.0.1 at 2018-03-24 23:15:33 +0530
Processing by WelcomeController#index as HTML
  [1m[36mUser Load (1.0ms)[0m  [1m[34mSELECT  "users".* FROM "users" WHERE "users"."id" = ? ORDER BY "users"."id" ASC LIMIT ?[0m  [["id", 1], ["LIMIT", 1]]
  Rendering welcome/index.html.erb within layouts/application
  Rendered welcome/index.html.erb within layouts/application (1.1ms)
  Rendered globals/_header.html.erb (0.6ms)
  Rendered globals/_sidebar.html.erb (0.9ms)
Completed 200 OK in 1554ms (Views: 1543.8ms | ActiveRecord: 1.0ms)


Started GET "/images/office.jpg" for 127.0.0.1 at 2018-03-24 23:15:34 +0530
  
ActionController::RoutingError (No route matches [GET] "/images/office.jpg"):
  
actionpack (5.1.5) lib/action_dispatch/middleware/debug_exceptions.rb:63:in `call'
web-console (3.5.1) lib/web_console/middleware.rb:135:in `call_app'
web-console (3.5.1) lib/web_console/middleware.rb:28:in `block in call'
web-console (3.5.1) lib/web_console/middleware.rb:18:in `catch'
web-console (3.5.1) lib/web_console/middleware.rb:18:in `call'
actionpack (5.1.5) lib/action_dispatch/middleware/show_exceptions.rb:31:in `call'
railties (5.1.5) lib/rails/rack/logger.rb:36:in `call_app'
railties (5.1.5) lib/rails/rack/logger.rb:24:in `block in call'
activesupport (5.1.5) lib/active_support/tagged_logging.rb:69:in `block in tagged'
activesupport (5.1.5) lib/active_support/tagged_logging.rb:26:in `tagged'
activesupport (5.1.5) lib/active_support/tagged_logging.rb:69:in `tagged'
railties (5.1.5) lib/rails/rack/logger.rb:24:in `call'
sprockets-rails (3.2.1) lib/sprockets/rails/quiet_assets.rb:13:in `call'
actionpack (5.1.5) lib/action_dispatch/middleware/remote_ip.rb:79:in `call'
actionpack (5.1.5) lib/action_dispatch/middleware/request_id.rb:25:in `call'
rack (2.0.4) lib/rack/method_override.rb:22:in `call'
rack (2.0.4) lib/rack/runtime.rb:22:in `call'
activesupport (5.1.5) lib/active_support/cache/strategy/local_cache_middleware.rb:27:in `call'
actionpack (5.1.5) lib/action_dispatch/middleware/executor.rb:12:in `call'
actionpack (5.1.5) lib/action_dispatch/middleware/static.rb:125:in `call'
rack (2.0.4) lib/rack/sendfile.rb:111:in `call'
webpacker (3.4.1) lib/webpacker/dev_server_proxy.rb:18:in `perform_request'
rack-proxy (0.6.4) lib/rack/proxy.rb:57:in `call'
railties (5.1.5) lib/rails/engine.rb:522:in `call'
puma (3.11.3) lib/puma/configuration.rb:225:in `call'
puma (3.11.3) lib/puma/server.rb:624:in `handle_request'
puma (3.11.3) lib/puma/server.rb:438:in `process_client'
puma (3.11.3) lib/puma/server.rb:302:in `block in run'
puma (3.11.3) lib/puma/thread_pool.rb:120:in `block in spawn_thread'
Started GET "/images/yuna.jpg" for 127.0.0.1 at 2018-03-24 23:15:34 +0530
  
ActionController::RoutingError (No route matches [GET] "/images/yuna.jpg"):
  
actionpack (5.1.5) lib/action_dispatch/middleware/debug_exceptions.rb:63:in `call'
web-console (3.5.1) lib/web_console/middleware.rb:135:in `call_app'
web-console (3.5.1) lib/web_console/middleware.rb:28:in `block in call'
web-console (3.5.1) lib/web_console/middleware.rb:18:in `catch'
web-console (3.5.1) lib/web_console/middleware.rb:18:in `call'
actionpack (5.1.5) lib/action_dispatch/middleware/show_exceptions.rb:31:in `call'
railties (5.1.5) lib/rails/rack/logger.rb:36:in `call_app'
railties (5.1.5) lib/rails/rack/logger.rb:24:in `block in call'
activesupport (5.1.5) lib/active_support/tagged_logging.rb:69:in `block in tagged'
activesupport (5.1.5) lib/active_support/tagged_logging.rb:26:in `tagged'
activesupport (5.1.5) lib/active_support/tagged_logging.rb:69:in `tagged'
railties (5.1.5) lib/rails/rack/logger.rb:24:in `call'
sprockets-rails (3.2.1) lib/sprockets/rails/quiet_assets.rb:13:in `call'
actionpack (5.1.5) lib/action_dispatch/middleware/remote_ip.rb:79:in `call'
actionpack (5.1.5) lib/action_dispatch/middleware/request_id.rb:25:in `call'
rack (2.0.4) lib/rack/method_override.rb:22:in `call'
rack (2.0.4) lib/rack/runtime.rb:22:in `call'
activesupport (5.1.5) lib/active_support/cache/strategy/local_cache_middleware.rb:27:in `call'
actionpack (5.1.5) lib/action_dispatch/middleware/executor.rb:12:in `call'
actionpack (5.1.5) lib/action_dispatch/middleware/static.rb:125:in `call'
rack (2.0.4) lib/rack/sendfile.rb:111:in `call'
webpacker (3.4.1) lib/webpacker/dev_server_proxy.rb:18:in `perform_request'
rack-proxy (0.6.4) lib/rack/proxy.rb:57:in `call'
railties (5.1.5) lib/rails/engine.rb:522:in `call'
puma (3.11.3) lib/puma/configuration.rb:225:in `call'
puma (3.11.3) lib/puma/server.rb:624:in `handle_request'
puma (3.11.3) lib/puma/server.rb:438:in `process_client'
puma (3.11.3) lib/puma/server.rb:302:in `block in run'
puma (3.11.3) lib/puma/thread_pool.rb:120:in `block in spawn_thread'
Started GET "/" for 127.0.0.1 at 2018-03-24 23:34:12 +0530
Processing by WelcomeController#index as HTML
  [1m[36mUser Load (0.8ms)[0m  [1m[34mSELECT  "users".* FROM "users" WHERE "users"."id" = ? ORDER BY "users"."id" ASC LIMIT ?[0m  [["id", 1], ["LIMIT", 1]]
  Rendering welcome/index.html.erb within layouts/application
  Rendered welcome/index.html.erb within layouts/application (1.3ms)
[Webpacker] Compiling…
[Webpacker] Compiled all packs in /home/santosh/Documents/practice/ror/Mlass/UserService/public/packs
  Rendered globals/_header.html.erb (0.4ms)
  Rendered globals/_sidebar.html.erb (0.5ms)
Completed 200 OK in 3446ms (Views: 3437.3ms | ActiveRecord: 0.8ms)


Started GET "/images/office.jpg" for 127.0.0.1 at 2018-03-24 23:34:16 +0530
  
ActionController::RoutingError (No route matches [GET] "/images/office.jpg"):
  
actionpack (5.1.5) lib/action_dispatch/middleware/debug_exceptions.rb:63:in `call'
web-console (3.5.1) lib/web_console/middleware.rb:135:in `call_app'
web-console (3.5.1) lib/web_console/middleware.rb:28:in `block in call'
web-console (3.5.1) lib/web_console/middleware.rb:18:in `catch'
web-console (3.5.1) lib/web_console/middleware.rb:18:in `call'
actionpack (5.1.5) lib/action_dispatch/middleware/show_exceptions.rb:31:in `call'
railties (5.1.5) lib/rails/rack/logger.rb:36:in `call_app'
railties (5.1.5) lib/rails/rack/logger.rb:24:in `block in call'
activesupport (5.1.5) lib/active_support/tagged_logging.rb:69:in `block in tagged'
activesupport (5.1.5) lib/active_support/tagged_logging.rb:26:in `tagged'
activesupport (5.1.5) lib/active_support/tagged_logging.rb:69:in `tagged'
railties (5.1.5) lib/rails/rack/logger.rb:24:in `call'
sprockets-rails (3.2.1) lib/sprockets/rails/quiet_assets.rb:13:in `call'
actionpack (5.1.5) lib/action_dispatch/middleware/remote_ip.rb:79:in `call'
actionpack (5.1.5) lib/action_dispatch/middleware/request_id.rb:25:in `call'
rack (2.0.4) lib/rack/method_override.rb:22:in `call'
rack (2.0.4) lib/rack/runtime.rb:22:in `call'
activesupport (5.1.5) lib/active_support/cache/strategy/local_cache_middleware.rb:27:in `call'
actionpack (5.1.5) lib/action_dispatch/middleware/executor.rb:12:in `call'
actionpack (5.1.5) lib/action_dispatch/middleware/static.rb:125:in `call'
rack (2.0.4) lib/rack/sendfile.rb:111:in `call'
webpacker (3.4.1) lib/webpacker/dev_server_proxy.rb:18:in `perform_request'
rack-proxy (0.6.4) lib/rack/proxy.rb:57:in `call'
railties (5.1.5) lib/rails/engine.rb:522:in `call'
puma (3.11.3) lib/puma/configuration.rb:225:in `call'
puma (3.11.3) lib/puma/server.rb:624:in `handle_request'
puma (3.11.3) lib/puma/server.rb:438:in `process_client'
puma (3.11.3) lib/puma/server.rb:302:in `block in run'
puma (3.11.3) lib/puma/thread_pool.rb:120:in `block in spawn_thread'
Started GET "/images/yuna.jpg" for 127.0.0.1 at 2018-03-24 23:34:16 +0530
  
ActionController::RoutingError (No route matches [GET] "/images/yuna.jpg"):
  
actionpack (5.1.5) lib/action_dispatch/middleware/debug_exceptions.rb:63:in `call'
web-console (3.5.1) lib/web_console/middleware.rb:135:in `call_app'
web-console (3.5.1) lib/web_console/middleware.rb:28:in `block in call'
web-console (3.5.1) lib/web_console/middleware.rb:18:in `catch'
web-console (3.5.1) lib/web_console/middleware.rb:18:in `call'
actionpack (5.1.5) lib/action_dispatch/middleware/show_exceptions.rb:31:in `call'
railties (5.1.5) lib/rails/rack/logger.rb:36:in `call_app'
railties (5.1.5) lib/rails/rack/logger.rb:24:in `block in call'
activesupport (5.1.5) lib/active_support/tagged_logging.rb:69:in `block in tagged'
activesupport (5.1.5) lib/active_support/tagged_logging.rb:26:in `tagged'
activesupport (5.1.5) lib/active_support/tagged_logging.rb:69:in `tagged'
railties (5.1.5) lib/rails/rack/logger.rb:24:in `call'
sprockets-rails (3.2.1) lib/sprockets/rails/quiet_assets.rb:13:in `call'
actionpack (5.1.5) lib/action_dispatch/middleware/remote_ip.rb:79:in `call'
actionpack (5.1.5) lib/action_dispatch/middleware/request_id.rb:25:in `call'
rack (2.0.4) lib/rack/method_override.rb:22:in `call'
rack (2.0.4) lib/rack/runtime.rb:22:in `call'
activesupport (5.1.5) lib/active_support/cache/strategy/local_cache_middleware.rb:27:in `call'
actionpack (5.1.5) lib/action_dispatch/middleware/executor.rb:12:in `call'
actionpack (5.1.5) lib/action_dispatch/middleware/static.rb:125:in `call'
rack (2.0.4) lib/rack/sendfile.rb:111:in `call'
webpacker (3.4.1) lib/webpacker/dev_server_proxy.rb:18:in `perform_request'
rack-proxy (0.6.4) lib/rack/proxy.rb:57:in `call'
railties (5.1.5) lib/rails/engine.rb:522:in `call'
puma (3.11.3) lib/puma/configuration.rb:225:in `call'
puma (3.11.3) lib/puma/server.rb:624:in `handle_request'
puma (3.11.3) lib/puma/server.rb:438:in `process_client'
puma (3.11.3) lib/puma/server.rb:302:in `block in run'
puma (3.11.3) lib/puma/thread_pool.rb:120:in `block in spawn_thread'
Started GET "/images/office.jpg" for 127.0.0.1 at 2018-03-24 23:34:16 +0530
  
ActionController::RoutingError (No route matches [GET] "/images/office.jpg"):
  
actionpack (5.1.5) lib/action_dispatch/middleware/debug_exceptions.rb:63:in `call'
web-console (3.5.1) lib/web_console/middleware.rb:135:in `call_app'
web-console (3.5.1) lib/web_console/middleware.rb:28:in `block in call'
web-console (3.5.1) lib/web_console/middleware.rb:18:in `catch'
web-console (3.5.1) lib/web_console/middleware.rb:18:in `call'
actionpack (5.1.5) lib/action_dispatch/middleware/show_exceptions.rb:31:in `call'
railties (5.1.5) lib/rails/rack/logger.rb:36:in `call_app'
railties (5.1.5) lib/rails/rack/logger.rb:24:in `block in call'
activesupport (5.1.5) lib/active_support/tagged_logging.rb:69:in `block in tagged'
activesupport (5.1.5) lib/active_support/tagged_logging.rb:26:in `tagged'
activesupport (5.1.5) lib/active_support/tagged_logging.rb:69:in `tagged'
railties (5.1.5) lib/rails/rack/logger.rb:24:in `call'
sprockets-rails (3.2.1) lib/sprockets/rails/quiet_assets.rb:13:in `call'
actionpack (5.1.5) lib/action_dispatch/middleware/remote_ip.rb:79:in `call'
actionpack (5.1.5) lib/action_dispatch/middleware/request_id.rb:25:in `call'
rack (2.0.4) lib/rack/method_override.rb:22:in `call'
rack (2.0.4) lib/rack/runtime.rb:22:in `call'
activesupport (5.1.5) lib/active_support/cache/strategy/local_cache_middleware.rb:27:in `call'
actionpack (5.1.5) lib/action_dispatch/middleware/executor.rb:12:in `call'
actionpack (5.1.5) lib/action_dispatch/middleware/static.rb:125:in `call'
rack (2.0.4) lib/rack/sendfile.rb:111:in `call'
webpacker (3.4.1) lib/webpacker/dev_server_proxy.rb:18:in `perform_request'
rack-proxy (0.6.4) lib/rack/proxy.rb:57:in `call'
railties (5.1.5) lib/rails/engine.rb:522:in `call'
puma (3.11.3) lib/puma/configuration.rb:225:in `call'
puma (3.11.3) lib/puma/server.rb:624:in `handle_request'
puma (3.11.3) lib/puma/server.rb:438:in `process_client'
puma (3.11.3) lib/puma/server.rb:302:in `block in run'
puma (3.11.3) lib/puma/thread_pool.rb:120:in `block in spawn_thread'
Started GET "/images/yuna.jpg" for 127.0.0.1 at 2018-03-24 23:34:16 +0530
  
ActionController::RoutingError (No route matches [GET] "/images/yuna.jpg"):
  
actionpack (5.1.5) lib/action_dispatch/middleware/debug_exceptions.rb:63:in `call'
web-console (3.5.1) lib/web_console/middleware.rb:135:in `call_app'
web-console (3.5.1) lib/web_console/middleware.rb:28:in `block in call'
web-console (3.5.1) lib/web_console/middleware.rb:18:in `catch'
web-console (3.5.1) lib/web_console/middleware.rb:18:in `call'
actionpack (5.1.5) lib/action_dispatch/middleware/show_exceptions.rb:31:in `call'
railties (5.1.5) lib/rails/rack/logger.rb:36:in `call_app'
railties (5.1.5) lib/rails/rack/logger.rb:24:in `block in call'
activesupport (5.1.5) lib/active_support/tagged_logging.rb:69:in `block in tagged'
activesupport (5.1.5) lib/active_support/tagged_logging.rb:26:in `tagged'
activesupport (5.1.5) lib/active_support/tagged_logging.rb:69:in `tagged'
railties (5.1.5) lib/rails/rack/logger.rb:24:in `call'
sprockets-rails (3.2.1) lib/sprockets/rails/quiet_assets.rb:13:in `call'
actionpack (5.1.5) lib/action_dispatch/middleware/remote_ip.rb:79:in `call'
actionpack (5.1.5) lib/action_dispatch/middleware/request_id.rb:25:in `call'
rack (2.0.4) lib/rack/method_override.rb:22:in `call'
rack (2.0.4) lib/rack/runtime.rb:22:in `call'
activesupport (5.1.5) lib/active_support/cache/strategy/local_cache_middleware.rb:27:in `call'
actionpack (5.1.5) lib/action_dispatch/middleware/executor.rb:12:in `call'
actionpack (5.1.5) lib/action_dispatch/middleware/static.rb:125:in `call'
rack (2.0.4) lib/rack/sendfile.rb:111:in `call'
webpacker (3.4.1) lib/webpacker/dev_server_proxy.rb:18:in `perform_request'
rack-proxy (0.6.4) lib/rack/proxy.rb:57:in `call'
railties (5.1.5) lib/rails/engine.rb:522:in `call'
puma (3.11.3) lib/puma/configuration.rb:225:in `call'
puma (3.11.3) lib/puma/server.rb:624:in `handle_request'
puma (3.11.3) lib/puma/server.rb:438:in `process_client'
puma (3.11.3) lib/puma/server.rb:302:in `block in run'
puma (3.11.3) lib/puma/thread_pool.rb:120:in `block in spawn_thread'
Started GET "/" for 127.0.0.1 at 2018-03-24 23:38:44 +0530
Processing by WelcomeController#index as HTML
  [1m[36mUser Load (0.6ms)[0m  [1m[34mSELECT  "users".* FROM "users" WHERE "users"."id" = ? ORDER BY "users"."id" ASC LIMIT ?[0m  [["id", 1], ["LIMIT", 1]]
  Rendering welcome/index.html.erb within layouts/application
  Rendered welcome/index.html.erb within layouts/application (1.4ms)
  Rendered globals/_header.html.erb (0.6ms)
Completed 200 OK in 136ms (Views: 126.2ms | ActiveRecord: 0.6ms)


Started GET "/" for 127.0.0.1 at 2018-03-24 23:39:24 +0530
Processing by WelcomeController#index as HTML
  [1m[36mUser Load (1.1ms)[0m  [1m[34mSELECT  "users".* FROM "users" WHERE "users"."id" = ? ORDER BY "users"."id" ASC LIMIT ?[0m  [["id", 1], ["LIMIT", 1]]
  Rendering welcome/index.html.erb within layouts/application
  Rendered welcome/index.html.erb within layouts/application (0.7ms)
  Rendered globals/_header.html.erb (0.4ms)
Completed 200 OK in 124ms (Views: 112.6ms | ActiveRecord: 1.1ms)


Started GET "/" for 127.0.0.1 at 2018-03-24 23:39:47 +0530
Processing by WelcomeController#index as HTML
  [1m[36mUser Load (0.3ms)[0m  [1m[34mSELECT  "users".* FROM "users" WHERE "users"."id" = ? ORDER BY "users"."id" ASC LIMIT ?[0m  [["id", 1], ["LIMIT", 1]]
  Rendering welcome/index.html.erb within layouts/application
  Rendered welcome/index.html.erb within layouts/application (1.2ms)
[Webpacker] Compiling…
[Webpacker] Compiled all packs in /home/santosh/Documents/practice/ror/Mlass/UserService/public/packs
  Rendered globals/_header.html.erb (0.8ms)
Completed 200 OK in 3121ms (Views: 3117.8ms | ActiveRecord: 0.3ms)


Started GET "/" for 127.0.0.1 at 2018-03-24 23:44:49 +0530
  [1m[35m (0.3ms)[0m  [1m[34mSELECT "schema_migrations"."version" FROM "schema_migrations" ORDER BY "schema_migrations"."version" ASC[0m
Processing by WelcomeController#index as HTML
  [1m[36mUser Load (0.3ms)[0m  [1m[34mSELECT  "users".* FROM "users" WHERE "users"."id" = ? ORDER BY "users"."id" ASC LIMIT ?[0m  [["id", 1], ["LIMIT", 1]]
  Rendering welcome/index.html.erb within layouts/application
  Rendered welcome/index.html.erb within layouts/application (0.9ms)
  Rendered globals/_header.html.erb (0.3ms)
Completed 200 OK in 1725ms (Views: 1689.2ms | ActiveRecord: 1.0ms)


Started GET "/" for 127.0.0.1 at 2018-03-24 23:45:51 +0530
Processing by WelcomeController#index as HTML
  [1m[36mUser Load (0.6ms)[0m  [1m[34mSELECT  "users".* FROM "users" WHERE "users"."id" = ? ORDER BY "users"."id" ASC LIMIT ?[0m  [["id", 1], ["LIMIT", 1]]
  Rendering welcome/index.html.erb within layouts/application
  Rendered welcome/index.html.erb within layouts/application (1.0ms)
  Rendered globals/_header.html.erb (0.5ms)
Completed 200 OK in 230ms (Views: 221.0ms | ActiveRecord: 0.6ms)


Started GET "/" for 127.0.0.1 at 2018-03-24 23:46:02 +0530
  [1m[35m (0.2ms)[0m  [1m[34mSELECT "schema_migrations"."version" FROM "schema_migrations" ORDER BY "schema_migrations"."version" ASC[0m
Processing by WelcomeController#index as HTML
  [1m[36mUser Load (0.2ms)[0m  [1m[34mSELECT  "users".* FROM "users" WHERE "users"."id" = ? ORDER BY "users"."id" ASC LIMIT ?[0m  [["id", 1], ["LIMIT", 1]]
  Rendering welcome/index.html.erb within layouts/application
  Rendered welcome/index.html.erb within layouts/application (0.9ms)
  Rendered globals/_header.html.erb (0.4ms)
Completed 200 OK in 1613ms (Views: 1577.5ms | ActiveRecord: 1.1ms)


Started GET "/" for 127.0.0.1 at 2018-03-24 23:50:05 +0530
Processing by WelcomeController#index as HTML
  [1m[36mUser Load (0.2ms)[0m  [1m[34mSELECT  "users".* FROM "users" WHERE "users"."id" = ? ORDER BY "users"."id" ASC LIMIT ?[0m  [["id", 1], ["LIMIT", 1]]
  Rendering welcome/index.html.erb within layouts/application
  Rendered welcome/index.html.erb within layouts/application (0.4ms)
Completed 500 Internal Server Error in 45ms (ActiveRecord: 1.2ms)


  
ActionView::Template::Error (couldn't find file 'twitter-bootstrap-static/bootstrap' with type 'text/css'
Checked in these paths: 
  /home/santosh/Documents/practice/ror/Mlass/UserService/app/assets/config
  /home/santosh/Documents/practice/ror/Mlass/UserService/app/assets/images
  /home/santosh/Documents/practice/ror/Mlass/UserService/app/assets/javascripts
  /home/santosh/Documents/practice/ror/Mlass/UserService/app/assets/stylesheets
  /home/santosh/.rvm/gems/ruby-2.3.3@rails5/gems/materialize-sass-0.100.2/app/assets/fonts
  /home/santosh/.rvm/gems/ruby-2.3.3@rails5/gems/materialize-sass-0.100.2/app/assets/javascripts
  /home/santosh/.rvm/gems/ruby-2.3.3@rails5/gems/materialize-sass-0.100.2/app/assets/stylesheets
  /home/santosh/.rvm/gems/ruby-2.3.3@rails5/gems/rails_admin-1.3.0/app/assets/images
  /home/santosh/.rvm/gems/ruby-2.3.3@rails5/gems/rails_admin-1.3.0/app/assets/javascripts
  /home/santosh/.rvm/gems/ruby-2.3.3@rails5/gems/rails_admin-1.3.0/app/assets/stylesheets
  /home/santosh/.rvm/gems/ruby-2.3.3@rails5/gems/rails_admin-1.3.0/vendor/assets/javascripts
  /home/santosh/.rvm/gems/ruby-2.3.3@rails5/gems/rails_admin-1.3.0/vendor/assets/stylesheets
  /home/santosh/.rvm/gems/ruby-2.3.3@rails5/gems/remotipart-1.3.1/vendor/assets/javascripts
  /home/santosh/.rvm/gems/ruby-2.3.3@rails5/gems/nested_form-0.3.2/vendor/assets/javascripts
  /home/santosh/.rvm/gems/ruby-2.3.3@rails5/gems/jquery-ui-rails-5.0.5/app/assets/images
  /home/santosh/.rvm/gems/ruby-2.3.3@rails5/gems/jquery-ui-rails-5.0.5/app/assets/javascripts
  /home/santosh/.rvm/gems/ruby-2.3.3@rails5/gems/jquery-ui-rails-5.0.5/app/assets/stylesheets
  /home/santosh/.rvm/gems/ruby-2.3.3@rails5/gems/jquery-rails-4.3.1/vendor/assets/javascripts
  /home/santosh/.rvm/gems/ruby-2.3.3@rails5/gems/font-awesome-rails-4.7.0.3/app/assets/fonts
  /home/santosh/.rvm/gems/ruby-2.3.3@rails5/gems/font-awesome-rails-4.7.0.3/app/assets/stylesheets
  /home/santosh/.rvm/gems/ruby-2.3.3@rails5/gems/coffee-rails-4.2.2/lib/assets/javascripts
  /home/santosh/.rvm/gems/ruby-2.3.3@rails5/gems/actioncable-5.1.5/lib/assets/compiled
  /home/santosh/.rvm/gems/ruby-2.3.3@rails5/gems/actionview-5.1.5/lib/assets/compiled
  /home/santosh/.rvm/gems/ruby-2.3.3@rails5/gems/turbolinks-source-5.1.0/lib/assets/javascripts
  /home/santosh/Documents/practice/ror/Mlass/UserService/node_modules
  /home/santosh/.rvm/gems/ruby-2.3.3@rails5/gems/materialize-sass-0.100.2/app/assets/stylesheets
  /home/santosh/.rvm/gems/ruby-2.3.3@rails5/gems/materialize-sass-0.100.2/app/assets/javascripts
  /home/santosh/.rvm/gems/ruby-2.3.3@rails5/gems/materialize-sass-0.100.2/app/assets/fonts
  /home/santosh/.rvm/gems/ruby-2.3.3@rails5/gems/materialize-sass-0.100.2/app/assets/images):
    4:     <title>UserService</title>
    5:     <%= csrf_meta_tags %>
    6: 
    7:     <%= stylesheet_link_tag    'application'%>
    8:     <%= javascript_include_tag 'application'%>
    9:     <%= javascript_pack_tag 'hello_react' %>
   10:   </head>
  
app/assets/stylesheets/bootstrap_and_overrides.css:2
app/views/layouts/application.html.erb:7:in `_app_views_layouts_application_html_erb__3941179531300384221_70077669135380'
Started GET "/" for 127.0.0.1 at 2018-03-24 23:50:25 +0530
  [1m[35m (1.2ms)[0m  [1m[34mSELECT "schema_migrations"."version" FROM "schema_migrations" ORDER BY "schema_migrations"."version" ASC[0m
Processing by WelcomeController#index as HTML
  [1m[36mUser Load (0.6ms)[0m  [1m[34mSELECT  "users".* FROM "users" WHERE "users"."id" = ? ORDER BY "users"."id" ASC LIMIT ?[0m  [["id", 1], ["LIMIT", 1]]
  Rendering welcome/index.html.erb within layouts/application
  Rendered welcome/index.html.erb within layouts/application (0.9ms)
  Rendered globals/_header.html.erb (0.3ms)
Completed 200 OK in 5583ms (Views: 5540.8ms | ActiveRecord: 1.3ms)


Started GET "/" for 127.0.0.1 at 2018-03-24 23:50:58 +0530
Processing by WelcomeController#index as HTML
  [1m[36mUser Load (1.0ms)[0m  [1m[34mSELECT  "users".* FROM "users" WHERE "users"."id" = ? ORDER BY "users"."id" ASC LIMIT ?[0m  [["id", 1], ["LIMIT", 1]]
  Rendering welcome/index.html.erb within layouts/application
  Rendered welcome/index.html.erb within layouts/application (1.1ms)
  Rendered globals/_header.html.erb (0.3ms)
Completed 200 OK in 191ms (Views: 180.5ms | ActiveRecord: 1.0ms)


